# configure exec: ./configure --prefix=/home/paladox/changeprop-deploy/node_modules/node-rdkafka/build/deps --libdir=/home/paladox/changeprop-deploy/node_modules/node-rdkafka/build/deps --prefix=/home/paladox/changeprop-deploy/node_modules/node-rdkafka/build/deps --libdir=/home/paladox/changeprop-deploy/node_modules/node-rdkafka/build/deps
# On Wed Jan 14 01:38:38 PM UTC 2026
DBG 32548: Setting distro (distro) status to ok (action ignore)
DBG 32548: ccenv: WITH_CC:  --version failed: mklove/modules/configure.base: line 1824: --version: command not found
DBG 32548: Setting ccenv (ccenv) status to failed (action cont)
DBG 32548: Check ccenv (WITH_CC, action cont (originally cont)) failed: command ' --version' failed:
mklove/modules/configure.base: line 1824: --version: command not found
DBG 32548: Setting gcc (gcc) status to ok (action cont)
DBG 32548: cxxenv: WITH_CXX:  --version failed: mklove/modules/configure.base: line 1824: --version: command not found
DBG 32548: Setting cxxenv (cxxenv) status to failed (action cont)
DBG 32548: Check cxxenv (WITH_CXX, action cont (originally cont)) failed: command ' --version' failed:
mklove/modules/configure.base: line 1824: --version: command not found
DBG 32548: Setting gxx (gxx) status to ok (action cont)
DBG 32548: Setting ld (ld) status to ok (action disable)
DBG 32548: Setting nm (nm) status to ok (action disable)
DBG 32548: Setting objdump (objdump) status to ok (action disable)
DBG 32548: Setting strip (strip) status to ok (action disable)
DBG 32548: libtool: : libtool is not executable: 
DBG 32548: Setting libtool (libtool) status to failed (action disable)
DBG 32548: Check libtool (, action disable (originally disable)) failed: libtool is not executable
DBG 32548: Setting ranlib (ranlib) status to ok (action disable)
DBG 32548: pkgconfig: WITH_PKGCONFIG: pkg-config --version failed: mklove/modules/configure.base: line 1824: pkg-config: command not found
DBG 32548: Setting pkgconfig (pkgconfig) status to failed (action cont)
DBG 32548: Check pkgconfig (WITH_PKGCONFIG, action cont (originally cont)) failed: command 'pkg-config --version' failed:
mklove/modules/configure.base: line 1824: pkg-config: command not found
DBG 32548: Setting install (install) status to ok (action cont)
DBG 32548: Setting gnuar (gnuar) status to ok (action disable)
DBG 32548: Compile check PIC (HAVE_PIC) (sub=0): gcc  -g -O2 -Wall -Werror _mkltmp5zUC1L.c -o _mkltmp5zUC1L.c.o  -L/home/paladox/changeprop-deploy/node_modules/node-rdkafka/build/deps -fPIC 
DBG 32548: Setting PIC (PIC) status to ok (action disable)
DBG 32548: Compile check gnulib (WITH_GNULD) (sub=0): gcc  -g -O2 -fPIC -Wall -Werror _mkltmpLGMYjT.c -o _mkltmpLGMYjT.c.o  -L/home/paladox/changeprop-deploy/node_modules/node-rdkafka/build/deps -shared -Wl,-soname,mkltest.0 
DBG 32548: Setting gnulib (gnulib) status to ok (action cont)
DBG 32548: Compile check ldsflagvs () (sub=0): gcc  -g -O2 -fPIC -Wall -Werror _mkltmpWlCfNe.c -o _mkltmpWlCfNe.c.o  -L/home/paladox/changeprop-deploy/node_modules/node-rdkafka/build/deps -shared -Wl,--version-script=_mkltmpZFDzhr 
DBG 32548: Setting ldsflagvs (ldsflagvs) status to ok (action cont)
DBG 32548: Compile check __atomic_32 (HAVE_ATOMICS_32) (sub=0): gcc  -g -O2 -fPIC -Wall -Werror _mkltmptHk2GW.c -o _mkltmptHk2GW.c.o  -L/home/paladox/changeprop-deploy/node_modules/node-rdkafka/build/deps  
DBG 32548: Setting __atomic_32 (__atomic_32) status to ok (action cont)
DBG 32548: Compile check __atomic_64 (HAVE_ATOMICS_64) (sub=0): gcc  -g -O2 -fPIC -Wall -Werror _mkltmp4oV1Dg.c -o _mkltmp4oV1Dg.c.o  -L/home/paladox/changeprop-deploy/node_modules/node-rdkafka/build/deps  
DBG 32548: Setting __atomic_64 (__atomic_64) status to ok (action cont)
DBG 32548: Compile check socket () (sub=0): gcc  -g -O2 -fPIC -Wall -Wsign-compare -Wfloat-equal -Wpointer-arith -Wcast-align -Wall -Werror _mkltmp9IEqT1.c -o _mkltmp9IEqT1.c.o  -L/home/paladox/changeprop-deploy/node_modules/node-rdkafka/build/deps  
DBG 32548: Setting socket (socket) status to ok (action cont)
DBG 32548: Setting parseversion (parseversion) status to ok (action cont)
DBG 32548: librt: Check for static library (libs -lrt, arfile variable STATIC_LIB_librt=, static filenames )
DBG 32548: Compile check librt () (sub=0): gcc  -g -O2 -fPIC -Wall -Wsign-compare -Wfloat-equal -Wpointer-arith -Wcast-align -Wall -Werror _mkltmpqt38n9.c -o _mkltmpqt38n9.c.o  -L/home/paladox/changeprop-deploy/node_modules/node-rdkafka/build/deps -lrt 
DBG 32548: Setting librt (librt) status to ok (action cont)
DBG 32548: librt: from lib_check: LIBS: prepend -lrt
DBG 32548: libpthread: Check for static library (libs -lpthread, arfile variable STATIC_LIB_libpthread=, static filenames )
DBG 32548: Compile check libpthread () (sub=0): gcc  -g -O2 -fPIC -Wall -Wsign-compare -Wfloat-equal -Wpointer-arith -Wcast-align -Wall -Werror _mkltmpq1FTBz.c -o _mkltmpq1FTBz.c.o  -L/home/paladox/changeprop-deploy/node_modules/node-rdkafka/build/deps -lpthread -lrt
DBG 32548: Setting libpthread (libpthread) status to ok (action fail)
DBG 32548: libpthread: from lib_check: LIBS: prepend -lpthread
DBG 32548: c11threads: Check for static library (libs -lpthread -lrt, arfile variable STATIC_LIB_c11threads=, static filenames )
DBG 32548: Compile check c11threads (WITH_C11THREADS) (sub=0): gcc  -g -O2 -fPIC -Wall -Wsign-compare -Wfloat-equal -Wpointer-arith -Wcast-align -Wall -Werror _mkltmpesPouy.c -o _mkltmpesPouy.c.o  -L/home/paladox/changeprop-deploy/node_modules/node-rdkafka/build/deps -lpthread -lrt -lpthread -lrt
DBG 32548: Setting c11threads (c11threads) status to ok (action disable)
DBG 32548: c11threads: from lib_check: LIBS: prepend -lpthread -lrt
DBG 32548: libdl: Check for static library (libs -ldl, arfile variable STATIC_LIB_libdl=, static filenames )
DBG 32548: Compile check libdl (WITH_LIBDL) (sub=0): gcc  -g -O2 -fPIC -Wall -Wsign-compare -Wfloat-equal -Wpointer-arith -Wcast-align -Wall -Werror _mkltmpAsbpq5.c -o _mkltmpAsbpq5.c.o  -L/home/paladox/changeprop-deploy/node_modules/node-rdkafka/build/deps -ldl -lpthread -lrt -lpthread -lrt
DBG 32548: Setting libdl (libdl) status to ok (action disable)
DBG 32548: libdl: from lib_check: LIBS: prepend -ldl
DBG 32548: zlib: Check for static library (libs -lz, arfile variable STATIC_LIB_zlib=, static filenames libz.a)
DBG 32548: Compile check zlib (WITH_ZLIB) (sub=0): gcc  -g -O2 -fPIC -Wall -Wsign-compare -Wfloat-equal -Wpointer-arith -Wcast-align -Wall -Werror _mkltmp5fNTdt.c -o _mkltmp5fNTdt.c.o  -L/home/paladox/changeprop-deploy/node_modules/node-rdkafka/build/deps -lz -ldl -lpthread -lrt -lpthread -lrt
DBG 32548: compile check for zlib (WITH_ZLIB) failed: gcc  -g -O2 -fPIC -Wall -Wsign-compare -Wfloat-equal -Wpointer-arith -Wcast-align -Wall -Werror _mkltmp5fNTdt.c -o _mkltmp5fNTdt.c.o  -L/home/paladox/changeprop-deploy/node_modules/node-rdkafka/build/deps -lz -ldl -lpthread -lrt -lpthread -lrt: _mkltmp5fNTdt.c:3:10: fatal error: zlib.h: No such file or directory
    3 | #include <zlib.h>
      |          ^~~~~~~~
compilation terminated.
DBG 32548: Setting zlib (zlib) status to failed (action disable)
DBG 32548: Check zlib (WITH_ZLIB, action disable (originally disable)) failed: compile check failed:
CC: CC
flags: -lz
gcc  -g -O2 -fPIC -Wall -Wsign-compare -Wfloat-equal -Wpointer-arith -Wcast-align -Wall -Werror _mkltmp5fNTdt.c -o _mkltmp5fNTdt.c.o  -L/home/paladox/changeprop-deploy/node_modules/node-rdkafka/build/deps -lz -ldl -lpthread -lrt -lpthread -lrt:
_mkltmp5fNTdt.c:3:10: fatal error: zlib.h: No such file or directory
    3 | #include <zlib.h>
      |          ^~~~~~~~
compilation terminated.
source: 
#include <stddef.h>
#include <zlib.h>

void foo (void) {
     z_stream *p = NULL;
     inflate(p, 0);
}

DBG 32548: libcrypto: Check for static library (libs -lcrypto, arfile variable STATIC_LIB_libcrypto=, static filenames libcrypto.a)
DBG 32548: Compile check libcrypto () (sub=0): gcc  -g -O2 -fPIC -Wall -Wsign-compare -Wfloat-equal -Wpointer-arith -Wcast-align -Wall -Werror _mkltmpvSARSP.c -o _mkltmpvSARSP.c.o  -L/home/paladox/changeprop-deploy/node_modules/node-rdkafka/build/deps -lcrypto -ldl -lpthread -lrt -lpthread -lrt
DBG 32548: Setting libcrypto (libcrypto) status to ok (action disable)
DBG 32548: libcrypto: from lib_check: LIBS: prepend -lcrypto
DBG 32548: libssl: Check for static library (libs -lssl -lcrypto, arfile variable STATIC_LIB_libssl=, static filenames libssl.a)
DBG 32548: Compile check libssl (WITH_SSL) (sub=0): gcc  -g -O2 -fPIC -Wall -Wsign-compare -Wfloat-equal -Wpointer-arith -Wcast-align -Wall -Werror _mkltmpPw7GK8.c -o _mkltmpPw7GK8.c.o  -L/home/paladox/changeprop-deploy/node_modules/node-rdkafka/build/deps -lssl -lcrypto -lcrypto -ldl -lpthread -lrt -lpthread -lrt
DBG 32548: Setting libssl (libssl) status to ok (action disable)
DBG 32548: libssl: from lib_check: LIBS: prepend -lssl -lcrypto
DBG 32548: Compile check libcrypto () (sub=1): gcc  -g -O2 -fPIC -Wall -Wsign-compare -Wfloat-equal -Wpointer-arith -Wcast-align -Wall -Werror _mkltmpr3WIoE.c -o _mkltmpr3WIoE.c.o  -L/home/paladox/changeprop-deploy/node_modules/node-rdkafka/build/deps -lcrypto -lssl -lcrypto -lcrypto -ldl -lpthread -lrt -lpthread -lrt
DBG 32548: compile check for libcrypto () failed: gcc  -g -O2 -fPIC -Wall -Wsign-compare -Wfloat-equal -Wpointer-arith -Wcast-align -Wall -Werror _mkltmpr3WIoE.c -o _mkltmpr3WIoE.c.o  -L/home/paladox/changeprop-deploy/node_modules/node-rdkafka/build/deps -lcrypto -lssl -lcrypto -lcrypto -ldl -lpthread -lrt -lpthread -lrt: _mkltmpr3WIoE.c:4:2: error: #error "OpenSSL version >= v3.0.0 needs OPENSSL_SUPPRESS_DEPRECATED"
    4 | #error "OpenSSL version >= v3.0.0 needs OPENSSL_SUPPRESS_DEPRECATED"
      |  ^~~~~
DBG 32548: libsasl2: Check for static library (libs -lsasl2, arfile variable STATIC_LIB_libsasl2=, static filenames )
DBG 32548: Compile check libsasl2 (WITH_SASL_CYRUS) (sub=0): gcc  -g -O2 -fPIC -Wall -Wsign-compare -Wfloat-equal -Wpointer-arith -Wcast-align -Wall -Werror _mkltmprMLY3Z.c -o _mkltmprMLY3Z.c.o  -L/home/paladox/changeprop-deploy/node_modules/node-rdkafka/build/deps -lsasl2 -lssl -lcrypto -lcrypto -ldl -lpthread -lrt -lpthread -lrt
DBG 32548: Setting libsasl2 (libsasl2) status to ok (action disable)
DBG 32548: libsasl2: from lib_check: LIBS: prepend -lsasl2
DBG 32548: libzstd: Check for static library (libs -lzstd, arfile variable STATIC_LIB_libzstd=, static filenames libzstd.a)
DBG 32548: Compile check libzstd (WITH_ZSTD) (sub=0): gcc  -g -O2 -fPIC -Wall -Wsign-compare -Wfloat-equal -Wpointer-arith -Wcast-align -Wall -Werror _mkltmpul7dQJ.c -o _mkltmpul7dQJ.c.o  -L/home/paladox/changeprop-deploy/node_modules/node-rdkafka/build/deps -lzstd -lsasl2 -lssl -lcrypto -lcrypto -ldl -lpthread -lrt -lpthread -lrt
DBG 32548: compile check for libzstd (WITH_ZSTD) failed: gcc  -g -O2 -fPIC -Wall -Wsign-compare -Wfloat-equal -Wpointer-arith -Wcast-align -Wall -Werror _mkltmpul7dQJ.c -o _mkltmpul7dQJ.c.o  -L/home/paladox/changeprop-deploy/node_modules/node-rdkafka/build/deps -lzstd -lsasl2 -lssl -lcrypto -lcrypto -ldl -lpthread -lrt -lpthread -lrt: _mkltmpul7dQJ.c:2:10: fatal error: zstd.h: No such file or directory
    2 | #include <zstd.h>
      |          ^~~~~~~~
compilation terminated.
DBG 32548: Setting libzstd (libzstd) status to failed (action disable)
DBG 32548: Check libzstd (WITH_ZSTD, action disable (originally disable)) failed: compile check failed:
CC: CC
flags: -lzstd
gcc  -g -O2 -fPIC -Wall -Wsign-compare -Wfloat-equal -Wpointer-arith -Wcast-align -Wall -Werror _mkltmpul7dQJ.c -o _mkltmpul7dQJ.c.o  -L/home/paladox/changeprop-deploy/node_modules/node-rdkafka/build/deps -lzstd -lsasl2 -lssl -lcrypto -lcrypto -ldl -lpthread -lrt -lpthread -lrt:
_mkltmpul7dQJ.c:2:10: fatal error: zstd.h: No such file or directory
    2 | #include <zstd.h>
      |          ^~~~~~~~
compilation terminated.
source: 
#include <zstd.h>
#include <zstd_errors.h>

void foo (void) {
     ZSTD_getFrameContentSize(NULL, 0);
}

DBG 32548: libcurl: Check for static library (libs -lcurl, arfile variable STATIC_LIB_libcurl=, static filenames libcurl.a)
DBG 32548: Compile check libcurl (WITH_CURL) (sub=0): gcc  -g -O2 -fPIC -Wall -Wsign-compare -Wfloat-equal -Wpointer-arith -Wcast-align -Wall -Werror _mkltmplqtVsu.c -o _mkltmplqtVsu.c.o  -L/home/paladox/changeprop-deploy/node_modules/node-rdkafka/build/deps -lcurl -lsasl2 -lssl -lcrypto -lcrypto -ldl -lpthread -lrt -lpthread -lrt
DBG 32548: compile check for libcurl (WITH_CURL) failed: gcc  -g -O2 -fPIC -Wall -Wsign-compare -Wfloat-equal -Wpointer-arith -Wcast-align -Wall -Werror _mkltmplqtVsu.c -o _mkltmplqtVsu.c.o  -L/home/paladox/changeprop-deploy/node_modules/node-rdkafka/build/deps -lcurl -lsasl2 -lssl -lcrypto -lcrypto -ldl -lpthread -lrt -lpthread -lrt: _mkltmplqtVsu.c:2:10: fatal error: curl/curl.h: No such file or directory
    2 | #include <curl/curl.h>
      |          ^~~~~~~~~~~~~
compilation terminated.
DBG 32548: Setting libcurl (libcurl) status to failed (action disable)
DBG 32548: Check libcurl (WITH_CURL, action disable (originally disable)) failed: compile check failed:
CC: CC
flags: -lcurl
gcc  -g -O2 -fPIC -Wall -Wsign-compare -Wfloat-equal -Wpointer-arith -Wcast-align -Wall -Werror _mkltmplqtVsu.c -o _mkltmplqtVsu.c.o  -L/home/paladox/changeprop-deploy/node_modules/node-rdkafka/build/deps -lcurl -lsasl2 -lssl -lcrypto -lcrypto -ldl -lpthread -lrt -lpthread -lrt:
_mkltmplqtVsu.c:2:10: fatal error: curl/curl.h: No such file or directory
    2 | #include <curl/curl.h>
      |          ^~~~~~~~~~~~~
compilation terminated.
source: 
#include <curl/curl.h>

void foo (void) {
     curl_global_init(CURL_GLOBAL_DEFAULT);
}

DBG 32548: libm: Check for static library (libs -lm, arfile variable STATIC_LIB_libm=, static filenames )
DBG 32548: Compile check libm () (sub=0): gcc  -g -O2 -fPIC -Wall -Wsign-compare -Wfloat-equal -Wpointer-arith -Wcast-align -Wall -Werror _mkltmpY5Wyv1.c -o _mkltmpY5Wyv1.c.o  -L/home/paladox/changeprop-deploy/node_modules/node-rdkafka/build/deps -lm -lsasl2 -lssl -lcrypto -lcrypto -ldl -lpthread -lrt -lpthread -lrt
DBG 32548: Setting libm (libm) status to ok (action disable)
DBG 32548: libm: from lib_check: LIBS: prepend -lm
DBG 32548: liblz4: Check for static library (libs -llz4, arfile variable STATIC_LIB_liblz4=, static filenames liblz4.a)
DBG 32548: Compile check liblz4 (WITH_LZ4_EXT) (sub=0): gcc  -g -O2 -fPIC -Wall -Wsign-compare -Wfloat-equal -Wpointer-arith -Wcast-align -Wall -Werror _mkltmpWsSPiq.c -o _mkltmpWsSPiq.c.o  -L/home/paladox/changeprop-deploy/node_modules/node-rdkafka/build/deps -llz4 -lm -lsasl2 -lssl -lcrypto -lcrypto -ldl -lpthread -lrt -lpthread -lrt
DBG 32548: compile check for liblz4 (WITH_LZ4_EXT) failed: gcc  -g -O2 -fPIC -Wall -Wsign-compare -Wfloat-equal -Wpointer-arith -Wcast-align -Wall -Werror _mkltmpWsSPiq.c -o _mkltmpWsSPiq.c.o  -L/home/paladox/changeprop-deploy/node_modules/node-rdkafka/build/deps -llz4 -lm -lsasl2 -lssl -lcrypto -lcrypto -ldl -lpthread -lrt -lpthread -lrt: _mkltmpWsSPiq.c:1:10: fatal error: lz4frame.h: No such file or directory
    1 | #include <lz4frame.h>
      |          ^~~~~~~~~~~~
compilation terminated.
DBG 32548: Setting liblz4 (liblz4) status to failed (action disable)
DBG 32548: Check liblz4 (WITH_LZ4_EXT, action disable (originally disable)) failed: compile check failed:
CC: CC
flags: -llz4
gcc  -g -O2 -fPIC -Wall -Wsign-compare -Wfloat-equal -Wpointer-arith -Wcast-align -Wall -Werror _mkltmpWsSPiq.c -o _mkltmpWsSPiq.c.o  -L/home/paladox/changeprop-deploy/node_modules/node-rdkafka/build/deps -llz4 -lm -lsasl2 -lssl -lcrypto -lcrypto -ldl -lpthread -lrt -lpthread -lrt:
_mkltmpWsSPiq.c:1:10: fatal error: lz4frame.h: No such file or directory
    1 | #include <lz4frame.h>
      |          ^~~~~~~~~~~~
compilation terminated.
source: #include <lz4frame.h>
DBG 32548: Compile check syslog (WITH_SYSLOG) (sub=0): gcc  -g -O2 -fPIC -Wall -Wsign-compare -Wfloat-equal -Wpointer-arith -Wcast-align -Wall -Werror _mkltmphKGw3v.c -o _mkltmphKGw3v.c.o  -L/home/paladox/changeprop-deploy/node_modules/node-rdkafka/build/deps  -lm -lsasl2 -lssl -lcrypto -lcrypto -ldl -lpthread -lrt -lpthread -lrt
DBG 32548: Setting syslog (syslog) status to ok (action disable)
DBG 32548: Compile check rapidjson (WITH_RAPIDJSON) (sub=0): g++  -g -O2 -fPIC -Wall -Wsign-compare -Wfloat-equal -Wpointer-arith -Wcast-align -Wall -Werror _mkltmpTLs82Y.cpp -o _mkltmpTLs82Y.cpp.o  -L/home/paladox/changeprop-deploy/node_modules/node-rdkafka/build/deps  -lm -lsasl2 -lssl -lcrypto -lcrypto -ldl -lpthread -lrt -lpthread -lrt
DBG 32548: compile check for rapidjson (WITH_RAPIDJSON) failed: g++  -g -O2 -fPIC -Wall -Wsign-compare -Wfloat-equal -Wpointer-arith -Wcast-align -Wall -Werror _mkltmpTLs82Y.cpp -o _mkltmpTLs82Y.cpp.o  -L/home/paladox/changeprop-deploy/node_modules/node-rdkafka/build/deps  -lm -lsasl2 -lssl -lcrypto -lcrypto -ldl -lpthread -lrt -lpthread -lrt: _mkltmpTLs82Y.cpp:1:10: fatal error: rapidjson/schema.h: No such file or directory
    1 | #include <rapidjson/schema.h>
      |          ^~~~~~~~~~~~~~~~~~~~
compilation terminated.
DBG 32548: Setting rapidjson (rapidjson) status to failed (action disable)
DBG 32548: Check rapidjson (WITH_RAPIDJSON, action disable (originally disable)) failed: compile check failed:
CC: CXX
flags: 
g++  -g -O2 -fPIC -Wall -Wsign-compare -Wfloat-equal -Wpointer-arith -Wcast-align -Wall -Werror _mkltmpTLs82Y.cpp -o _mkltmpTLs82Y.cpp.o  -L/home/paladox/changeprop-deploy/node_modules/node-rdkafka/build/deps  -lm -lsasl2 -lssl -lcrypto -lcrypto -ldl -lpthread -lrt -lpthread -lrt:
_mkltmpTLs82Y.cpp:1:10: fatal error: rapidjson/schema.h: No such file or directory
    1 | #include <rapidjson/schema.h>
      |          ^~~~~~~~~~~~~~~~~~~~
compilation terminated.
source: #include <rapidjson/schema.h>
DBG 32548: Compile check crc32chw (WITH_CRC32C_HW) (sub=0): gcc  -g -O2 -fPIC -Wall -Wsign-compare -Wfloat-equal -Wpointer-arith -Wcast-align -Wall -Werror _mkltmpGowv8w.c -o _mkltmpGowv8w.c.o  -L/home/paladox/changeprop-deploy/node_modules/node-rdkafka/build/deps  -lm -lsasl2 -lssl -lcrypto -lcrypto -ldl -lpthread -lrt -lpthread -lrt
DBG 32548: Setting crc32chw (crc32chw) status to ok (action disable)
DBG 32548: Compile check regex (HAVE_REGEX) (sub=0): gcc  -g -O2 -fPIC -Wall -Wsign-compare -Wfloat-equal -Wpointer-arith -Wcast-align -Wall -Werror _mkltmpGGhZeT.c -o _mkltmpGGhZeT.c.o  -L/home/paladox/changeprop-deploy/node_modules/node-rdkafka/build/deps  -lm -lsasl2 -lssl -lcrypto -lcrypto -ldl -lpthread -lrt -lpthread -lrt
DBG 32548: Setting regex (regex) status to ok (action disable)
DBG 32548: Compile check rand_r (HAVE_RAND_R) (sub=0): gcc  -g -O2 -fPIC -Wall -Wsign-compare -Wfloat-equal -Wpointer-arith -Wcast-align -Wall -Werror _mkltmpzNzBxM.c -o _mkltmpzNzBxM.c.o  -L/home/paladox/changeprop-deploy/node_modules/node-rdkafka/build/deps  -lm -lsasl2 -lssl -lcrypto -lcrypto -ldl -lpthread -lrt -lpthread -lrt
DBG 32548: Setting rand_r (rand_r) status to ok (action disable)
DBG 32548: Compile check strndup (HAVE_STRNDUP) (sub=0): gcc  -g -O2 -fPIC -Wall -Wsign-compare -Wfloat-equal -Wpointer-arith -Wcast-align -Wall -Werror _mkltmplIgHUz.c -o _mkltmplIgHUz.c.o  -L/home/paladox/changeprop-deploy/node_modules/node-rdkafka/build/deps  -lm -lsasl2 -lssl -lcrypto -lcrypto -ldl -lpthread -lrt -lpthread -lrt
DBG 32548: Setting strndup (strndup) status to ok (action disable)
DBG 32548: Compile check strlcpy (HAVE_STRLCPY) (sub=0): gcc  -g -O2 -fPIC -Wall -Wsign-compare -Wfloat-equal -Wpointer-arith -Wcast-align -Wall -Werror _mkltmpcwcpi8.c -o _mkltmpcwcpi8.c.o  -L/home/paladox/changeprop-deploy/node_modules/node-rdkafka/build/deps  -lm -lsasl2 -lssl -lcrypto -lcrypto -ldl -lpthread -lrt -lpthread -lrt
DBG 32548: Setting strlcpy (strlcpy) status to ok (action disable)
DBG 32548: Compile check strerror_r (HAVE_STRERROR_R) (sub=0): gcc  -g -O2 -fPIC -Wall -Wsign-compare -Wfloat-equal -Wpointer-arith -Wcast-align -Wall -Werror _mkltmpaLzZNL.c -o _mkltmpaLzZNL.c.o  -L/home/paladox/changeprop-deploy/node_modules/node-rdkafka/build/deps  -lm -lsasl2 -lssl -lcrypto -lcrypto -ldl -lpthread -lrt -lpthread -lrt
DBG 32548: Setting strerror_r (strerror_r) status to ok (action disable)
DBG 32548: Compile check strcasestr (HAVE_STRCASESTR) (sub=0): gcc  -g -O2 -fPIC -Wall -Wsign-compare -Wfloat-equal -Wpointer-arith -Wcast-align -Wall -Werror _mkltmpO5hWNS.c -o _mkltmpO5hWNS.c.o  -L/home/paladox/changeprop-deploy/node_modules/node-rdkafka/build/deps  -lm -lsasl2 -lssl -lcrypto -lcrypto -ldl -lpthread -lrt -lpthread -lrt
DBG 32548: Setting strcasestr (strcasestr) status to ok (action disable)
DBG 32548: Compile check pthread_setname_gnu (HAVE_PTHREAD_SETNAME_GNU) (sub=0): gcc  -g -O2 -fPIC -Wall -Wsign-compare -Wfloat-equal -Wpointer-arith -Wcast-align -Wall -Werror _mkltmpcWAQe9.c -o _mkltmpcWAQe9.c.o  -L/home/paladox/changeprop-deploy/node_modules/node-rdkafka/build/deps -D_GNU_SOURCE -lpthread -lm -lsasl2 -lssl -lcrypto -lcrypto -ldl -lpthread -lrt -lpthread -lrt
DBG 32548: Setting pthread_setname_gnu (pthread_setname_gnu) status to ok (action disable)
DBG 32548: Setting nm (nm) status to ok (action cont)
DBG 32548: Setting python3 (python3) status to ok (action disable)
DBG 32548: Compile check getrusage (HAVE_GETRUSAGE) (sub=0): gcc  -g -O2 -fPIC -Wall -Wsign-compare -Wfloat-equal -Wpointer-arith -Wcast-align -Wall -Werror _mkltmp2dBwRi.c -o _mkltmp2dBwRi.c.o  -L/home/paladox/changeprop-deploy/node_modules/node-rdkafka/build/deps  -lm -lsasl2 -lssl -lcrypto -lcrypto -ldl -lpthread -lrt -lpthread -lrt
DBG 32548: Setting getrusage (getrusage) status to ok (action disable)
